08-14 14:36:49.994 [main] INFO  com.qiandao.test.Main
start

08-14 14:36:49.996 [main] INFO  com.qiandao.test.Main
end

08-14 14:37:16.899 [main] INFO  com.qiandao.test.Main
start

08-14 14:37:16.902 [main] ERROR com.qiandao.test.Main
没有权限

java.lang.IllegalAccessException: Class com.qiandao.test.Main can not access a member of class com.qiandao.test.Person with modifiers "private"
	at sun.reflect.Reflection.ensureMemberAccess(Reflection.java:102) ~[?:1.8.0_211]
	at java.lang.reflect.AccessibleObject.slowCheckMemberAccess(AccessibleObject.java:296) ~[?:1.8.0_211]
	at java.lang.reflect.AccessibleObject.checkAccess(AccessibleObject.java:288) ~[?:1.8.0_211]
	at java.lang.reflect.Field.set(Field.java:761) ~[?:1.8.0_211]
	at com.qiandao.test.Main.main(Main.java:20) [myTestWorkspace/:?]
08-14 14:37:16.934 [main] INFO  com.qiandao.test.Main
end

08-14 14:38:11.702 [main] INFO  com.qiandao.test.Main
start

08-14 14:38:11.705 [main] ERROR com.qiandao.test.Main
没有权限

java.lang.IllegalAccessException: Class com.qiandao.test.Main can not access a member of class com.qiandao.test.Person with modifiers "private"
	at sun.reflect.Reflection.ensureMemberAccess(Reflection.java:102) ~[?:1.8.0_211]
	at java.lang.reflect.AccessibleObject.slowCheckMemberAccess(AccessibleObject.java:296) ~[?:1.8.0_211]
	at java.lang.reflect.AccessibleObject.checkAccess(AccessibleObject.java:288) ~[?:1.8.0_211]
	at java.lang.reflect.Field.set(Field.java:761) ~[?:1.8.0_211]
	at com.qiandao.test.Main.main(Main.java:20) [myTestWorkspace/:?]
08-23 14:24:08.058 [main] ERROR com.qiandao.test.Main
不存在该产品信息，支付成功通知失败。groupPurchase={}

08-27 10:29:37.937 [main] ERROR com.qiandao.test.Main
不存在该产品信息，支付成功通知失败。groupPurchase={}

08-27 10:30:27.861 [main] ERROR com.qiandao.test.Main
不存在该产品信息，支付成功通知失败。groupPurchase={}

08-27 10:31:33.698 [main] ERROR com.qiandao.test.Main
不存在该产品信息，支付成功通知失败。groupPurchase={}

08-27 10:31:47.218 [main] ERROR com.qiandao.test.Main
不存在该产品信息，支付成功通知失败。groupPurchase={}

08-27 10:32:00.083 [main] ERROR com.qiandao.test.Main
不存在该产品信息，支付成功通知失败。groupPurchase={}

08-27 10:32:17.706 [main] ERROR com.qiandao.test.Main
不存在该产品信息，支付成功通知失败。groupPurchase={}

08-27 10:58:55.364 [main] ERROR com.qiandao.test.Main
不存在该产品信息，支付成功通知失败。groupPurchase={}

08-27 10:59:16.833 [main] ERROR com.qiandao.test.Main
不存在该产品信息，支付成功通知失败。groupPurchase={}

08-27 10:59:34.775 [main] ERROR com.qiandao.test.Main
不存在该产品信息，支付成功通知失败。groupPurchase={}

08-27 11:21:02.790 [main] ERROR com.qiandao.test.Main
不存在该产品信息，支付成功通知失败。groupPurchase={}

08-27 11:21:17.498 [main] ERROR com.qiandao.test.Main
不存在该产品信息，支付成功通知失败。groupPurchase={}

01-19 16:56:04.964 [main] INFO  com.qiandao.test.Main
success to load deptName and taskId mapping, mapping result is {"11":1000,"2":1000,"3":82,"-1":1000,"4":1000,"6":1000,"7":1000,"9":1000,"10":1000}

01-13 16:36:25.366 [homeThird-executor-2] INFO  com.qiandao.MainDemo
test 2 start, threadName=homeThird-executor-2

01-13 16:36:25.366 [homeThird-executor-1] INFO  com.qiandao.MainDemo
test 1 start, threadName=homeThird-executor-1

01-13 16:36:26.363 [main] INFO  com.qiandao.MainDemo
main method end, threadName=main

01-13 16:36:26.372 [homeThird-executor-1] INFO  com.qiandao.MainDemo
test 1 end, threadName=homeThird-executor-1

01-13 16:36:26.372 [homeThird-executor-1] INFO  com.qiandao.MainDemo
test 1 countDown, threadName=homeThird-executor-1

01-13 16:36:27.373 [homeThird-executor-2] INFO  com.qiandao.MainDemo
test 2 end, threadName=homeThird-executor-2

01-13 16:36:27.373 [homeThird-executor-2] INFO  com.qiandao.MainDemo
test 2 countDown, threadName=homeThird-executor-2

01-13 16:42:52.243 [homeThird-executor-1] INFO  com.qiandao.MainDemo
test 1 start, threadName=homeThird-executor-1

01-13 16:42:52.243 [homeThird-executor-2] INFO  com.qiandao.MainDemo
test 2 start, threadName=homeThird-executor-2

01-13 16:42:53.228 [main] INFO  com.qiandao.MainDemo
main method end, threadName=main

01-13 16:42:53.257 [homeThird-executor-1] INFO  com.qiandao.MainDemo
test 1 end, threadName=homeThird-executor-1

01-13 16:42:53.257 [homeThird-executor-1] INFO  com.qiandao.MainDemo
test 1 countDown, threadName=homeThird-executor-1

01-13 16:42:54.294 [homeThird-executor-2] INFO  com.qiandao.MainDemo
test 2 end, threadName=homeThird-executor-2

01-13 16:42:54.295 [homeThird-executor-2] INFO  com.qiandao.MainDemo
test 2 countDown, threadName=homeThird-executor-2

01-13 16:44:48.595 [homeThird-executor-1] INFO  com.qiandao.MainDemo
test 1 start, threadName=homeThird-executor-1

01-13 16:44:48.595 [homeThird-executor-2] INFO  com.qiandao.MainDemo
test 2 start, threadName=homeThird-executor-2

01-13 16:44:49.600 [homeThird-executor-1] INFO  com.qiandao.MainDemo
test 1 end, threadName=homeThird-executor-1

01-13 16:44:49.600 [homeThird-executor-1] INFO  com.qiandao.MainDemo
test 1 countDown, threadName=homeThird-executor-1

01-13 16:44:50.599 [homeThird-executor-2] INFO  com.qiandao.MainDemo
test 2 end, threadName=homeThird-executor-2

01-13 16:44:50.600 [homeThird-executor-2] INFO  com.qiandao.MainDemo
test 2 countDown, threadName=homeThird-executor-2

01-13 16:44:50.600 [main] INFO  com.qiandao.MainDemo
main method end, threadName=main

01-13 16:45:38.547 [homeThird-executor-1] INFO  com.qiandao.MainDemo
test 1 start, threadName=homeThird-executor-1

01-13 16:45:38.547 [homeThird-executor-2] INFO  com.qiandao.MainDemo
test 2 start, threadName=homeThird-executor-2

01-13 16:45:39.550 [homeThird-executor-1] INFO  com.qiandao.MainDemo
test 1 end, threadName=homeThird-executor-1

01-13 16:45:39.550 [homeThird-executor-1] INFO  com.qiandao.MainDemo
test 1 countDown, threadName=homeThird-executor-1

01-13 16:45:40.045 [main] INFO  com.qiandao.MainDemo
main method end, threadName=main

01-13 16:45:40.550 [homeThird-executor-2] INFO  com.qiandao.MainDemo
test 2 end, threadName=homeThird-executor-2

01-13 16:45:40.552 [homeThird-executor-2] INFO  com.qiandao.MainDemo
test 2 countDown, threadName=homeThird-executor-2

01-13 16:46:12.670 [homeThird-executor-1] INFO  com.qiandao.MainDemo
test 1 start, threadName=homeThird-executor-1

01-13 16:46:12.670 [homeThird-executor-2] INFO  com.qiandao.MainDemo
test 2 start, threadName=homeThird-executor-2

01-13 16:46:13.670 [main] INFO  com.qiandao.MainDemo
main method end, threadName=main

01-13 16:46:13.674 [homeThird-executor-1] INFO  com.qiandao.MainDemo
test 1 end, threadName=homeThird-executor-1

01-13 16:46:13.674 [homeThird-executor-1] INFO  com.qiandao.MainDemo
test 1 countDown, threadName=homeThird-executor-1

01-13 16:46:14.674 [homeThird-executor-2] INFO  com.qiandao.MainDemo
test 2 end, threadName=homeThird-executor-2

01-13 16:46:14.675 [homeThird-executor-2] INFO  com.qiandao.MainDemo
test 2 countDown, threadName=homeThird-executor-2

01-13 16:52:33.222 [homeThird-executor-1] INFO  com.qiandao.MainDemo
test 1 start, threadName=homeThird-executor-1

01-13 16:52:33.222 [homeThird-executor-2] INFO  com.qiandao.MainDemo
test 2 start, threadName=homeThird-executor-2

01-13 16:52:34.218 [main] INFO  com.qiandao.MainDemo
main method end, threadName=main

01-13 16:52:34.231 [homeThird-executor-1] INFO  com.qiandao.MainDemo
test 1 end, threadName=homeThird-executor-1

01-13 16:52:34.235 [homeThird-executor-1] INFO  com.qiandao.MainDemo
test 1 countDown, threadName=homeThird-executor-1

01-13 16:52:34.545 [main] INFO  com.qiandao.MainDemo
first print,res=[{"score":1,"studentName":"test 1"}]

01-13 16:52:34.546 [main] INFO  com.qiandao.MainDemo
##################

01-13 16:52:34.548 [main] INFO  com.qiandao.MainDemo
second print,res=[{"score":1,"studentName":"test 1"}]

01-13 16:52:34.549 [main] INFO  com.qiandao.MainDemo
##################

01-13 16:52:35.238 [homeThird-executor-2] INFO  com.qiandao.MainDemo
test 2 end, threadName=homeThird-executor-2

01-13 16:52:35.239 [homeThird-executor-2] INFO  com.qiandao.MainDemo
test 2 countDown, threadName=homeThird-executor-2

01-13 16:54:03.832 [homeThird-executor-1] INFO  com.qiandao.MainDemo
test 1 start, threadName=homeThird-executor-1

01-13 16:54:03.832 [homeThird-executor-2] INFO  com.qiandao.MainDemo
test 2 start, threadName=homeThird-executor-2

01-13 16:54:04.835 [homeThird-executor-1] INFO  com.qiandao.MainDemo
test 1 end, threadName=homeThird-executor-1

01-13 16:54:04.836 [homeThird-executor-1] INFO  com.qiandao.MainDemo
test 1 countDown, threadName=homeThird-executor-1

01-13 16:54:04.960 [main] INFO  com.qiandao.MainDemo
main method end, res = [{"score":1,"studentName":"test 1"}], threadName=main

01-13 16:54:04.960 [main] INFO  com.qiandao.MainDemo
first print,res=[{"score":1,"studentName":"test 1"}]

01-13 16:54:04.960 [main] INFO  com.qiandao.MainDemo
##################

01-13 16:54:04.960 [main] INFO  com.qiandao.MainDemo
second print,res=[{"score":1,"studentName":"test 1"}]

01-13 16:54:04.961 [main] INFO  com.qiandao.MainDemo
##################

01-13 16:54:05.835 [homeThird-executor-2] INFO  com.qiandao.MainDemo
test 2 end, threadName=homeThird-executor-2

01-13 16:54:05.836 [homeThird-executor-2] INFO  com.qiandao.MainDemo
test 2 countDown, threadName=homeThird-executor-2

01-13 16:54:40.293 [homeThird-executor-2] INFO  com.qiandao.MainDemo
test 2 start, threadName=homeThird-executor-2

01-13 16:54:40.293 [homeThird-executor-1] INFO  com.qiandao.MainDemo
test 1 start, threadName=homeThird-executor-1

01-13 16:54:41.296 [homeThird-executor-1] INFO  com.qiandao.MainDemo
test 1 end, threadName=homeThird-executor-1

01-13 16:54:41.297 [homeThird-executor-1] INFO  com.qiandao.MainDemo
test 1 countDown, threadName=homeThird-executor-1

01-13 16:54:41.417 [main] INFO  com.qiandao.MainDemo
main method end, res = [{"score":1,"studentName":"test 1"}], threadName=main

01-13 16:54:41.418 [main] INFO  com.qiandao.MainDemo
first print,res=[{"score":1,"studentName":"test 1"}]

01-13 16:54:41.418 [main] INFO  com.qiandao.MainDemo
##################

01-13 16:54:41.419 [main] INFO  com.qiandao.MainDemo
second print,res=[{"score":1,"studentName":"test 1"}]

01-13 16:54:41.419 [main] INFO  com.qiandao.MainDemo
##################

01-13 16:54:42.297 [homeThird-executor-2] INFO  com.qiandao.MainDemo
test 2 end, threadName=homeThird-executor-2

01-13 16:54:42.297 [homeThird-executor-2] INFO  com.qiandao.MainDemo
test 2 countDown, threadName=homeThird-executor-2

01-13 16:54:49.262 [homeThird-executor-2] INFO  com.qiandao.MainDemo
test 2 start, threadName=homeThird-executor-2

01-13 16:54:49.262 [homeThird-executor-1] INFO  com.qiandao.MainDemo
test 1 start, threadName=homeThird-executor-1

01-13 16:54:50.268 [homeThird-executor-1] INFO  com.qiandao.MainDemo
test 1 end, threadName=homeThird-executor-1

01-13 16:54:50.268 [homeThird-executor-1] INFO  com.qiandao.MainDemo
test 1 countDown, threadName=homeThird-executor-1

01-13 16:54:50.334 [main] INFO  com.qiandao.MainDemo
main method end, res = [{"score":1,"studentName":"test 1"}], threadName=main

01-13 16:54:50.334 [main] INFO  com.qiandao.MainDemo
first print,res=[{"score":1,"studentName":"test 1"}]

01-13 16:54:50.334 [main] INFO  com.qiandao.MainDemo
##################

01-13 16:54:50.334 [main] INFO  com.qiandao.MainDemo
second print,res=[{"score":1,"studentName":"test 1"}]

01-13 16:54:50.335 [main] INFO  com.qiandao.MainDemo
##################

01-13 16:54:51.268 [homeThird-executor-2] INFO  com.qiandao.MainDemo
test 2 end, threadName=homeThird-executor-2

01-13 16:54:51.268 [homeThird-executor-2] INFO  com.qiandao.MainDemo
test 2 countDown, threadName=homeThird-executor-2

01-13 16:55:23.587 [homeThird-executor-1] INFO  com.qiandao.MainDemo
test 1 start, threadName=homeThird-executor-1

01-13 16:55:23.602 [homeThird-executor-2] INFO  com.qiandao.MainDemo
test 2 start, threadName=homeThird-executor-2

01-13 16:55:24.552 [main] INFO  com.qiandao.MainDemo
main method end, res = [], threadName=main

01-13 16:55:24.553 [main] INFO  com.qiandao.MainDemo
first print,res=[]

01-13 16:55:24.553 [main] INFO  com.qiandao.MainDemo
##################

01-13 16:55:24.554 [main] INFO  com.qiandao.MainDemo
second print,res=[]

01-13 16:55:24.554 [main] INFO  com.qiandao.MainDemo
##################

01-13 16:55:24.606 [homeThird-executor-1] INFO  com.qiandao.MainDemo
test 1 end, threadName=homeThird-executor-1

01-13 16:55:24.607 [homeThird-executor-1] INFO  com.qiandao.MainDemo
test 1 countDown, threadName=homeThird-executor-1

01-13 16:55:25.607 [homeThird-executor-2] INFO  com.qiandao.MainDemo
test 2 end, threadName=homeThird-executor-2

01-13 16:55:25.607 [homeThird-executor-2] INFO  com.qiandao.MainDemo
test 2 countDown, threadName=homeThird-executor-2

01-13 16:58:37.547 [homeThird-executor-1] INFO  com.qiandao.MainDemo
test 1 start, threadName=homeThird-executor-1

01-13 16:58:37.547 [homeThird-executor-2] INFO  com.qiandao.MainDemo
test 2 start, threadName=homeThird-executor-2

01-13 16:58:38.393 [main] INFO  com.qiandao.MainDemo
main method end, res = [], threadName=main

01-13 16:58:38.393 [main] INFO  com.qiandao.MainDemo
first print,res=[]

01-13 16:58:38.393 [main] INFO  com.qiandao.MainDemo
##################

01-13 16:58:38.393 [main] INFO  com.qiandao.MainDemo
second print,res=[]

01-13 16:58:38.394 [main] INFO  com.qiandao.MainDemo
##################

01-13 16:58:38.554 [homeThird-executor-1] INFO  com.qiandao.MainDemo
test 1 end, threadName=homeThird-executor-1

01-13 16:58:38.555 [homeThird-executor-1] INFO  com.qiandao.MainDemo
test 1 countDown, threadName=homeThird-executor-1

01-13 16:58:39.554 [homeThird-executor-2] INFO  com.qiandao.MainDemo
test 2 end, threadName=homeThird-executor-2

01-13 16:58:39.554 [homeThird-executor-2] INFO  com.qiandao.MainDemo
test 2 countDown, threadName=homeThird-executor-2

01-13 16:58:40.454 [main] INFO  com.qiandao.MainDemo
the third time print,res=[{"score":1,"studentName":"test 1"},{"score":2,"studentName":"test 2"}]

01-13 17:01:35.766 [main] INFO  com.qiandao.MainDemo
thread count=2

01-13 17:01:35.766 [homeThird-executor-2] INFO  com.qiandao.MainDemo
test 2 start, threadName=homeThird-executor-2

01-13 17:01:35.766 [homeThird-executor-1] INFO  com.qiandao.MainDemo
test 1 start, threadName=homeThird-executor-1

01-13 17:01:36.572 [main] INFO  com.qiandao.MainDemo
await end, count=2

01-13 17:01:36.629 [main] INFO  com.qiandao.MainDemo
main method end, res = [], threadName=main

01-13 17:01:36.629 [main] INFO  com.qiandao.MainDemo
first print,res=[]

01-13 17:01:36.630 [main] INFO  com.qiandao.MainDemo
##################

01-13 17:01:36.630 [main] INFO  com.qiandao.MainDemo
second print,res=[]

01-13 17:01:36.630 [main] INFO  com.qiandao.MainDemo
##################

01-13 17:01:36.772 [homeThird-executor-1] INFO  com.qiandao.MainDemo
test 1 end, threadName=homeThird-executor-1

01-13 17:01:36.772 [homeThird-executor-1] INFO  com.qiandao.MainDemo
test 1 countDown, threadName=homeThird-executor-1

01-13 17:01:37.772 [homeThird-executor-2] INFO  com.qiandao.MainDemo
test 2 end, threadName=homeThird-executor-2

01-13 17:01:37.772 [homeThird-executor-2] INFO  com.qiandao.MainDemo
test 2 countDown, threadName=homeThird-executor-2

01-13 17:01:38.818 [main] INFO  com.qiandao.MainDemo
the third time print,res=[{"score":1,"studentName":"test 1"},{"score":2,"studentName":"test 2"}]

01-13 17:04:41.829 [main] INFO  com.qiandao.MainDemo
thread count=2

01-13 17:04:41.829 [homeThird-executor-1] INFO  com.qiandao.MainDemo
test 1 start, threadName=homeThird-executor-1

01-13 17:04:41.829 [homeThird-executor-2] INFO  com.qiandao.MainDemo
test 2 start, threadName=homeThird-executor-2

01-13 17:04:41.834 [main] INFO  com.qiandao.MainDemo
await start time=1610528681834

01-13 17:04:42.636 [main] INFO  com.qiandao.MainDemo
await end time=802

01-13 17:04:42.636 [main] INFO  com.qiandao.MainDemo
await end, count=2

01-13 17:04:42.725 [main] INFO  com.qiandao.MainDemo
main method end, res = [], threadName=main

01-13 17:04:42.725 [main] INFO  com.qiandao.MainDemo
first print,res=[]

01-13 17:04:42.725 [main] INFO  com.qiandao.MainDemo
##################

01-13 17:04:42.726 [main] INFO  com.qiandao.MainDemo
second print,res=[]

01-13 17:04:42.726 [main] INFO  com.qiandao.MainDemo
##################

01-13 17:04:42.836 [homeThird-executor-1] INFO  com.qiandao.MainDemo
test 1 end, threadName=homeThird-executor-1

01-13 17:04:42.836 [homeThird-executor-1] INFO  com.qiandao.MainDemo
test 1 countDown, threadName=homeThird-executor-1

01-13 17:04:43.835 [homeThird-executor-2] INFO  com.qiandao.MainDemo
test 2 end, threadName=homeThird-executor-2

01-13 17:04:43.835 [homeThird-executor-2] INFO  com.qiandao.MainDemo
test 2 countDown, threadName=homeThird-executor-2

01-13 17:04:44.789 [main] INFO  com.qiandao.MainDemo
the third time print,res=[{"score":1,"studentName":"test 1"},{"score":2,"studentName":"test 2"}]

01-13 17:54:54.420 [main] INFO  com.qiandao.MainDemo
thread count=2

01-13 17:54:54.420 [homeThird-executor-2] INFO  com.qiandao.MainDemo
test 2 start, threadName=homeThird-executor-2

01-13 17:54:54.420 [homeThird-executor-1] INFO  com.qiandao.MainDemo
test 1 start, threadName=homeThird-executor-1

01-13 17:54:54.436 [main] INFO  com.qiandao.MainDemo
await start time=1610531694425

01-13 17:54:55.237 [main] INFO  com.qiandao.MainDemo
stopwatch end time=800820

01-13 17:54:55.237 [main] INFO  com.qiandao.MainDemo
await end time=812

01-13 17:54:55.238 [main] INFO  com.qiandao.MainDemo
await end, count=2

01-13 17:54:55.351 [main] INFO  com.qiandao.MainDemo
main method end, res = [], threadName=main

01-13 17:54:55.352 [main] INFO  com.qiandao.MainDemo
first print,res=[]

01-13 17:54:55.352 [main] INFO  com.qiandao.MainDemo
##################

01-13 17:54:55.352 [main] INFO  com.qiandao.MainDemo
second print,res=[]

01-13 17:54:55.353 [main] INFO  com.qiandao.MainDemo
##################

01-13 17:54:55.428 [homeThird-executor-1] INFO  com.qiandao.MainDemo
test 1 end, threadName=homeThird-executor-1

01-13 17:54:55.429 [homeThird-executor-1] INFO  com.qiandao.MainDemo
test 1 countDown, threadName=homeThird-executor-1

01-13 17:54:56.426 [homeThird-executor-2] INFO  com.qiandao.MainDemo
test 2 end, threadName=homeThird-executor-2

01-13 17:54:56.426 [homeThird-executor-2] INFO  com.qiandao.MainDemo
test 2 countDown, threadName=homeThird-executor-2

01-13 17:54:57.411 [main] INFO  com.qiandao.MainDemo
the third time print,res=[{"score":1,"studentName":"test 1"},{"score":2,"studentName":"test 2"}]

